----------------------------------------
All Events Critical: 0 : Timestamp: 12.06.2012 21:48:03
Message: An Oli Log
Category: MyLog
Priority: 200
EventId: 0
Severity: Critical
Title:LogTitle
Machine: PC
App Domain: b2d324e8-1-129840112732874368
ProcessId: 3400
Process Name: C:\Program Files (x86)\Common Files\Microsoft Shared\DevServer\10.0\WebDev.WebServer40.exe
Thread Name: 
Win32 ThreadId:5224
Extended Properties: 
----------------------------------------
----------------------------------------
All Events Critical: 0 : Timestamp: 12.06.2012 21:48:48
Message: An Oli Log
Category: MyLog
Priority: 200
EventId: 0
Severity: Critical
Title:LogTitle
Machine: PC
App Domain: b2d324e8-1-129840112732874368
ProcessId: 3400
Process Name: C:\Program Files (x86)\Common Files\Microsoft Shared\DevServer\10.0\WebDev.WebServer40.exe
Thread Name: 
Win32 ThreadId:5540
Extended Properties: 
----------------------------------------
----------------------------------------
All Events Critical: 0 : Timestamp: 12.06.2012 21:49:54
Message: An Oli Log
Category: MyLog
Priority: 200
EventId: 0
Severity: Critical
Title:LogTitle
Machine: PC
App Domain: b2d324e8-1-129840112732874368
ProcessId: 3400
Process Name: C:\Program Files (x86)\Common Files\Microsoft Shared\DevServer\10.0\WebDev.WebServer40.exe
Thread Name: 
Win32 ThreadId:9084
Extended Properties: 
----------------------------------------
